# JRE version: OpenJDK Runtime Environment Temurin-21.0.8+9 (21.0.8+9) (build 21.0.8+9-LTS)
# Java VM: OpenJDK 64-Bit Server VM Temurin-21.0.8+9 (21.0.8+9-LTS, mixed mode, sharing, tiered, compressed oops, compressed class ptrs, parallel gc, windows-amd64)
GC Precious Log:
 CardTable entry size: 512
 CPUs: 4 total, 4 available
 Memory: 3970M
 Large Page Support: Disabled
 NUMA Support: Disabled
 Compressed Oops: Enabled (32-bit)
 Alignments: Space 512K, Generation 512K, Heap 2M
 Heap Min Capacity: 100M
 Heap Initial Capacity: 100M
 Heap Max Capacity: 2G
 Pre-touch: Disabled
 Parallel Workers: 4
Heap:
 PSYoungGen      total 24064K, used 13460K [0x00000000d5580000, 0x00000000d7280000, 0x0000000100000000)
  eden space 22528K, 55% used [0x00000000d5580000,0x00000000d619a298,0x00000000d6b80000)
  from space 1536K, 69% used [0x00000000d7100000,0x00000000d720b0a8,0x00000000d7280000)
  to   space 1536K, 0% used [0x00000000d6f80000,0x00000000d6f80000,0x00000000d7100000)
 ParOldGen       total 68608K, used 16363K [0x0000000080000000, 0x0000000084300000, 0x00000000d5580000)
  object space 68608K, 23% used [0x0000000080000000,0x0000000080ffaed0,0x0000000084300000)
 Metaspace       used 33714K, committed 34816K, reserved 1114112K
  class space    used 3482K, committed 3968K, reserved 1048576K
GC Heap History (20 events):
Event: 3.574 GC heap before
{Heap before GC invocations=4 (full 0):
 PSYoungGen      total 29696K, used 29693K [0x00000000d5580000, 0x00000000d7680000, 0x0000000100000000)
  eden space 25600K, 100% used [0x00000000d5580000,0x00000000d6e80000,0x00000000d6e80000)
  from space 4096K, 99% used [0x00000000d6e80000,0x00000000d727f7f0,0x00000000d7280000)
  to   space 4096K, 0% used [0x00000000d7280000,0x00000000d7280000,0x00000000d7680000)
 ParOldGen       total 68608K, used 4823K [0x0000000080000000, 0x0000000084300000, 0x00000000d5580000)
  object space 68608K, 7% used [0x0000000080000000,0x00000000804b5ee8,0x0000000084300000)
 Metaspace       used 12094K, committed 12480K, reserved 1114112K
  class space    used 1292K, committed 1472K, reserved 1048576K
}
Event: 3.583 GC heap after
{Heap after GC invocations=4 (full 0):
 PSYoungGen      total 29696K, used 4077K [0x00000000d5580000, 0x00000000d7680000, 0x0000000100000000)
  eden space 25600K, 0% used [0x00000000d5580000,0x00000000d5580000,0x00000000d6e80000)
  from space 4096K, 99% used [0x00000000d7280000,0x00000000d767b488,0x00000000d7680000)
  to   space 4096K, 0% used [0x00000000d6e80000,0x00000000d6e80000,0x00000000d7280000)
 ParOldGen       total 68608K, used 6196K [0x0000000080000000, 0x0000000084300000, 0x00000000d5580000)
  object space 68608K, 9% used [0x0000000080000000,0x000000008060d2c0,0x0000000084300000)
 Metaspace       used 12094K, committed 12480K, reserved 1114112K
  class space    used 1292K, committed 1472K, reserved 1048576K
}
Event: 4.131 GC heap before
{Heap before GC invocations=5 (full 0):
 PSYoungGen      total 29696K, used 29677K [0x00000000d5580000, 0x00000000d7680000, 0x0000000100000000)
  eden space 25600K, 100% used [0x00000000d5580000,0x00000000d6e80000,0x00000000d6e80000)
  from space 4096K, 99% used [0x00000000d7280000,0x00000000d767b488,0x00000000d7680000)
  to   space 4096K, 0% used [0x00000000d6e80000,0x00000000d6e80000,0x00000000d7280000)
 ParOldGen       total 68608K, used 6196K [0x0000000080000000, 0x0000000084300000, 0x00000000d5580000)
  object space 68608K, 9% used [0x0000000080000000,0x000000008060d2c0,0x0000000084300000)
 Metaspace       used 15878K, committed 16576K, reserved 1114112K
  class space    used 1660K, committed 1984K, reserved 1048576K
}
Event: 4.146 GC heap after
{Heap after GC invocations=5 (full 0):
 PSYoungGen      total 29184K, used 4064K [0x00000000d5580000, 0x00000000d7a00000, 0x0000000100000000)
  eden space 25088K, 0% used [0x00000000d5580000,0x00000000d5580000,0x00000000d6e00000)
  from space 4096K, 99% used [0x00000000d6e80000,0x00000000d7278298,0x00000000d7280000)
  to   space 6144K, 0% used [0x00000000d7400000,0x00000000d7400000,0x00000000d7a00000)
 ParOldGen       total 68608K, used 8077K [0x0000000080000000, 0x0000000084300000, 0x00000000d5580000)
  object space 68608K, 11% used [0x0000000080000000,0x00000000807e3478,0x0000000084300000)
 Metaspace       used 15878K, committed 16576K, reserved 1114112K
  class space    used 1660K, committed 1984K, reserved 1048576K
}
Event: 5.018 GC heap before
{Heap before GC invocations=6 (full 0):
 PSYoungGen      total 29184K, used 29152K [0x00000000d5580000, 0x00000000d7a00000, 0x0000000100000000)
  eden space 25088K, 100% used [0x00000000d5580000,0x00000000d6e00000,0x00000000d6e00000)
  from space 4096K, 99% used [0x00000000d6e80000,0x00000000d7278298,0x00000000d7280000)
  to   space 6144K, 0% used [0x00000000d7400000,0x00000000d7400000,0x00000000d7a00000)
 ParOldGen       total 68608K, used 8077K [0x0000000080000000, 0x0000000084300000, 0x00000000d5580000)
  object space 68608K, 11% used [0x0000000080000000,0x00000000807e3478,0x0000000084300000)
 Metaspace       used 18906K, committed 19648K, reserved 1114112K
  class space    used 2000K, committed 2304K, reserved 1048576K
}
Event: 5.024 GC heap after
{Heap after GC invocations=6 (full 0):
 PSYoungGen      total 29184K, used 4537K [0x00000000d5580000, 0x00000000d7880000, 0x0000000100000000)
  eden space 24576K, 0% used [0x00000000d5580000,0x00000000d5580000,0x00000000d6d80000)
  from space 4608K, 98% used [0x00000000d7400000,0x00000000d786e478,0x00000000d7880000)
  to   space 5120K, 0% used [0x00000000d6e80000,0x00000000d6e80000,0x00000000d7380000)
 ParOldGen       total 68608K, used 8085K [0x0000000080000000, 0x0000000084300000, 0x00000000d5580000)
  object space 68608K, 11% used [0x0000000080000000,0x00000000807e5478,0x0000000084300000)
 Metaspace       used 18906K, committed 19648K, reserved 1114112K
  class space    used 2000K, committed 2304K, reserved 1048576K
}
Event: 5.255 GC heap before
{Heap before GC invocations=7 (full 0):
 PSYoungGen      total 29184K, used 21664K [0x00000000d5580000, 0x00000000d7880000, 0x0000000100000000)
  eden space 24576K, 69% used [0x00000000d5580000,0x00000000d6639bc0,0x00000000d6d80000)
  from space 4608K, 98% used [0x00000000d7400000,0x00000000d786e478,0x00000000d7880000)
  to   space 5120K, 0% used [0x00000000d6e80000,0x00000000d6e80000,0x00000000d7380000)
 ParOldGen       total 68608K, used 8085K [0x0000000080000000, 0x0000000084300000, 0x00000000d5580000)
  object space 68608K, 11% used [0x0000000080000000,0x00000000807e5478,0x0000000084300000)
 Metaspace       used 20696K, committed 21568K, reserved 1114112K
  class space    used 2205K, committed 2560K, reserved 1048576K
}
Event: 5.266 GC heap after
{Heap after GC invocations=7 (full 0):
 PSYoungGen      total 29184K, used 4097K [0x00000000d5580000, 0x00000000d7680000, 0x0000000100000000)
  eden space 24576K, 0% used [0x00000000d5580000,0x00000000d5580000,0x00000000d6d80000)
  from space 4608K, 88% used [0x00000000d6e80000,0x00000000d72804e8,0x00000000d7300000)
  to   space 3584K, 0% used [0x00000000d7300000,0x00000000d7300000,0x00000000d7680000)
 ParOldGen       total 68608K, used 9367K [0x0000000080000000, 0x0000000084300000, 0x00000000d5580000)
  object space 68608K, 13% used [0x0000000080000000,0x0000000080925ca0,0x0000000084300000)
 Metaspace       used 20696K, committed 21568K, reserved 1114112K
  class space    used 2205K, committed 2560K, reserved 1048576K
}
Event: 5.302 GC heap before
{Heap before GC invocations=8 (full 0):
 PSYoungGen      total 29184K, used 6297K [0x00000000d5580000, 0x00000000d7680000, 0x0000000100000000)
  eden space 24576K, 8% used [0x00000000d5580000,0x00000000d57a6048,0x00000000d6d80000)
  from space 4608K, 88% used [0x00000000d6e80000,0x00000000d72804e8,0x00000000d7300000)
  to   space 3584K, 0% used [0x00000000d7300000,0x00000000d7300000,0x00000000d7680000)
 ParOldGen       total 68608K, used 9367K [0x0000000080000000, 0x0000000084300000, 0x00000000d5580000)
  object space 68608K, 13% used [0x0000000080000000,0x0000000080925ca0,0x0000000084300000)
 Metaspace       used 20999K, committed 21824K, reserved 1114112K
  class space    used 2225K, committed 2624K, reserved 1048576K
}
Event: 5.306 GC heap after
{Heap after GC invocations=8 (full 0):
 PSYoungGen      total 28160K, used 3490K [0x00000000d5580000, 0x00000000d7680000, 0x0000000100000000)
  eden space 24576K, 0% used [0x00000000d5580000,0x00000000d5580000,0x00000000d6d80000)
  from space 3584K, 97% used [0x00000000d7300000,0x00000000d7668b08,0x00000000d7680000)
  to   space 4096K, 0% used [0x00000000d6e80000,0x00000000d6e80000,0x00000000d7280000)
 ParOldGen       total 68608K, used 10378K [0x0000000080000000, 0x0000000084300000, 0x00000000d5580000)
  object space 68608K, 15% used [0x0000000080000000,0x0000000080a22a40,0x0000000084300000)
 Metaspace       used 20999K, committed 21824K, reserved 1114112K
  class space    used 2225K, committed 2624K, reserved 1048576K
}
Event: 5.307 GC heap before
{Heap before GC invocations=9 (full 1):
 PSYoungGen      total 28160K, used 3490K [0x00000000d5580000, 0x00000000d7680000, 0x0000000100000000)
  eden space 24576K, 0% used [0x00000000d5580000,0x00000000d5580000,0x00000000d6d80000)
  from space 3584K, 97% used [0x00000000d7300000,0x00000000d7668b08,0x00000000d7680000)
  to   space 4096K, 0% used [0x00000000d6e80000,0x00000000d6e80000,0x00000000d7280000)
 ParOldGen       total 68608K, used 10378K [0x0000000080000000, 0x0000000084300000, 0x00000000d5580000)
  object space 68608K, 15% used [0x0000000080000000,0x0000000080a22a40,0x0000000084300000)
 Metaspace       used 20999K, committed 21824K, reserved 1114112K
  class space    used 2225K, committed 2624K, reserved 1048576K
}
Event: 5.379 GC heap after
{Heap after GC invocations=9 (full 1):
 PSYoungGen      total 28160K, used 0K [0x00000000d5580000, 0x00000000d7680000, 0x0000000100000000)
  eden space 24576K, 0% used [0x00000000d5580000,0x00000000d5580000,0x00000000d6d80000)
  from space 3584K, 0% used [0x00000000d7300000,0x00000000d7300000,0x00000000d7680000)
  to   space 4096K, 0% used [0x00000000d6e80000,0x00000000d6e80000,0x00000000d7280000)
 ParOldGen       total 68608K, used 13351K [0x0000000080000000, 0x0000000084300000, 0x00000000d5580000)
  object space 68608K, 19% used [0x0000000080000000,0x0000000080d09c80,0x0000000084300000)
 Metaspace       used 20986K, committed 21824K, reserved 1114112K
  class space    used 2222K, committed 2624K, reserved 1048576K
}
Event: 5.808 GC heap before
{Heap before GC invocations=10 (full 1):
 PSYoungGen      total 28160K, used 24541K [0x00000000d5580000, 0x00000000d7680000, 0x0000000100000000)
  eden space 24576K, 99% used [0x00000000d5580000,0x00000000d6d777c8,0x00000000d6d80000)
  from space 3584K, 0% used [0x00000000d7300000,0x00000000d7300000,0x00000000d7680000)
  to   space 4096K, 0% used [0x00000000d6e80000,0x00000000d6e80000,0x00000000d7280000)
 ParOldGen       total 68608K, used 13351K [0x0000000080000000, 0x0000000084300000, 0x00000000d5580000)
  object space 68608K, 19% used [0x0000000080000000,0x0000000080d09c80,0x0000000084300000)
 Metaspace       used 23605K, committed 24448K, reserved 1114112K
  class space    used 2403K, committed 2752K, reserved 1048576K
}
Event: 5.810 GC heap after
{Heap after GC invocations=10 (full 1):
 PSYoungGen      total 24576K, used 278K [0x00000000d5580000, 0x00000000d7380000, 0x0000000100000000)
  eden space 24064K, 0% used [0x00000000d5580000,0x00000000d5580000,0x00000000d6d00000)
  from space 512K, 54% used [0x00000000d6e80000,0x00000000d6ec59f0,0x00000000d6f00000)
  to   space 1536K, 0% used [0x00000000d7200000,0x00000000d7200000,0x00000000d7380000)
 ParOldGen       total 68608K, used 13359K [0x0000000080000000, 0x0000000084300000, 0x00000000d5580000)
  object space 68608K, 19% used [0x0000000080000000,0x0000000080d0bc80,0x0000000084300000)
 Metaspace       used 23605K, committed 24448K, reserved 1114112K
  class space    used 2403K, committed 2752K, reserved 1048576K
}
Event: 6.106 GC heap before
{Heap before GC invocations=11 (full 1):
 PSYoungGen      total 24576K, used 24342K [0x00000000d5580000, 0x00000000d7380000, 0x0000000100000000)
  eden space 24064K, 100% used [0x00000000d5580000,0x00000000d6d00000,0x00000000d6d00000)
  from space 512K, 54% used [0x00000000d6e80000,0x00000000d6ec59f0,0x00000000d6f00000)
  to   space 1536K, 0% used [0x00000000d7200000,0x00000000d7200000,0x00000000d7380000)
 ParOldGen       total 68608K, used 13359K [0x0000000080000000, 0x0000000084300000, 0x00000000d5580000)
  object space 68608K, 19% used [0x0000000080000000,0x0000000080d0bc80,0x0000000084300000)
 Metaspace       used 26417K, committed 27328K, reserved 1114112K
  class space    used 2620K, committed 3008K, reserved 1048576K
}
Event: 6.110 GC heap after
{Heap after GC invocations=11 (full 1):
 PSYoungGen      total 25088K, used 1329K [0x00000000d5580000, 0x00000000d7380000, 0x0000000100000000)
  eden space 23552K, 0% used [0x00000000d5580000,0x00000000d5580000,0x00000000d6c80000)
  from space 1536K, 86% used [0x00000000d7200000,0x00000000d734c658,0x00000000d7380000)
  to   space 2048K, 0% used [0x00000000d6f80000,0x00000000d6f80000,0x00000000d7180000)
 ParOldGen       total 68608K, used 14140K [0x0000000080000000, 0x0000000084300000, 0x00000000d5580000)
  object space 68608K, 20% used [0x0000000080000000,0x0000000080dcf190,0x0000000084300000)
 Metaspace       used 26417K, committed 27328K, reserved 1114112K
  class space    used 2620K, committed 3008K, reserved 1048576K
}
Event: 6.415 GC heap before
{Heap before GC invocations=12 (full 1):
 PSYoungGen      total 25088K, used 24881K [0x00000000d5580000, 0x00000000d7380000, 0x0000000100000000)
  eden space 23552K, 100% used [0x00000000d5580000,0x00000000d6c80000,0x00000000d6c80000)
  from space 1536K, 86% used [0x00000000d7200000,0x00000000d734c658,0x00000000d7380000)
  to   space 2048K, 0% used [0x00000000d6f80000,0x00000000d6f80000,0x00000000d7180000)
 ParOldGen       total 68608K, used 14140K [0x0000000080000000, 0x0000000084300000, 0x00000000d5580000)
  object space 68608K, 20% used [0x0000000080000000,0x0000000080dcf190,0x0000000084300000)
 Metaspace       used 28547K, committed 29568K, reserved 1114112K
  class space    used 2837K, committed 3264K, reserved 1048576K
}
Event: 6.418 GC heap after
{Heap after GC invocations=12 (full 1):
 PSYoungGen      total 24576K, used 1122K [0x00000000d5580000, 0x00000000d7280000, 0x0000000100000000)
  eden space 23040K, 0% used [0x00000000d5580000,0x00000000d5580000,0x00000000d6c00000)
  from space 1536K, 73% used [0x00000000d6f80000,0x00000000d7098828,0x00000000d7100000)
  to   space 1536K, 0% used [0x00000000d7100000,0x00000000d7100000,0x00000000d7280000)
 ParOldGen       total 68608K, used 15326K [0x0000000080000000, 0x0000000084300000, 0x00000000d5580000)
  object space 68608K, 22% used [0x0000000080000000,0x0000000080ef7828,0x0000000084300000)
 Metaspace       used 28547K, committed 29568K, reserved 1114112K
  class space    used 2837K, committed 3264K, reserved 1048576K
}
Event: 6.911 GC heap before
{Heap before GC invocations=13 (full 1):
 PSYoungGen      total 24576K, used 24162K [0x00000000d5580000, 0x00000000d7280000, 0x0000000100000000)
  eden space 23040K, 100% used [0x00000000d5580000,0x00000000d6c00000,0x00000000d6c00000)
  from space 1536K, 73% used [0x00000000d6f80000,0x00000000d7098828,0x00000000d7100000)
  to   space 1536K, 0% used [0x00000000d7100000,0x00000000d7100000,0x00000000d7280000)
 ParOldGen       total 68608K, used 15326K [0x0000000080000000, 0x0000000084300000, 0x00000000d5580000)
  object space 68608K, 22% used [0x0000000080000000,0x0000000080ef7828,0x0000000084300000)
 Metaspace       used 32065K, committed 33024K, reserved 1114112K
  class space    used 3269K, committed 3648K, reserved 1048576K
}
Event: 6.914 GC heap after
{Heap after GC invocations=13 (full 1):
 PSYoungGen      total 24064K, used 1068K [0x00000000d5580000, 0x00000000d7280000, 0x0000000100000000)
  eden space 22528K, 0% used [0x00000000d5580000,0x00000000d5580000,0x00000000d6b80000)
  from space 1536K, 69% used [0x00000000d7100000,0x00000000d720b0a8,0x00000000d7280000)
  to   space 1536K, 0% used [0x00000000d6f80000,0x00000000d6f80000,0x00000000d7100000)
 ParOldGen       total 68608K, used 16363K [0x0000000080000000, 0x0000000084300000, 0x00000000d5580000)
  object space 68608K, 23% used [0x0000000080000000,0x0000000080ffaed0,0x0000000084300000)
 Metaspace       used 32065K, committed 33024K, reserved 1114112K
  class space    used 3269K, committed 3648K, reserved 1048576K
}

