# JRE version: OpenJDK Runtime Environment Temurin-21.0.8+9 (21.0.8+9) (build 21.0.8+9-LTS)
# Java VM: OpenJDK 64-Bit Server VM Temurin-21.0.8+9 (21.0.8+9-LTS, mixed mode, sharing, tiered, compressed oops, compressed class ptrs, parallel gc, windows-amd64)
GC Precious Log:
 CardTable entry size: 512
 CPUs: 4 total, 4 available
 Memory: 3970M
 Large Page Support: Disabled
 NUMA Support: Disabled
 Compressed Oops: Enabled (32-bit)
 Alignments: Space 512K, Generation 512K, Heap 2M
 Heap Min Capacity: 100M
 Heap Initial Capacity: 100M
 Heap Max Capacity: 2G
 Pre-touch: Disabled
 Parallel Workers: 4
Heap:
 PSYoungGen      total 20480K, used 223K [0x00000000d5580000, 0x00000000d6d00000, 0x0000000100000000)
  eden space 19968K, 0% used [0x00000000d5580000,0x00000000d5580000,0x00000000d6900000)
  from space 512K, 43% used [0x00000000d6c80000,0x00000000d6cb7ec0,0x00000000d6d00000)
  to   space 1024K, 0% used [0x00000000d6b00000,0x00000000d6b00000,0x00000000d6c00000)
 ParOldGen       total 68608K, used 45145K [0x0000000080000000, 0x0000000084300000, 0x00000000d5580000)
  object space 68608K, 65% used [0x0000000080000000,0x0000000082c16640,0x0000000084300000)
 Metaspace       used 58615K, committed 59776K, reserved 1114112K
  class space    used 6364K, committed 6912K, reserved 1048576K
GC Heap History (20 events):
Event: 33.089 GC heap before
{Heap before GC invocations=24 (full 2):
 PSYoungGen      total 24064K, used 23876K [0x00000000d5580000, 0x00000000d6f00000, 0x0000000100000000)
  eden space 22016K, 100% used [0x00000000d5580000,0x00000000d6b00000,0x00000000d6b00000)
  from space 2048K, 90% used [0x00000000d6b00000,0x00000000d6cd1000,0x00000000d6d00000)
  to   space 2048K, 0% used [0x00000000d6d00000,0x00000000d6d00000,0x00000000d6f00000)
 ParOldGen       total 68608K, used 30681K [0x0000000080000000, 0x0000000084300000, 0x00000000d5580000)
  object space 68608K, 44% used [0x0000000080000000,0x0000000081df66e8,0x0000000084300000)
 Metaspace       used 45069K, committed 46272K, reserved 1114112K
  class space    used 4871K, committed 5376K, reserved 1048576K
}
Event: 33.101 GC heap after
{Heap after GC invocations=24 (full 2):
 PSYoungGen      total 24064K, used 1920K [0x00000000d5580000, 0x00000000d6f00000, 0x0000000100000000)
  eden space 22016K, 0% used [0x00000000d5580000,0x00000000d5580000,0x00000000d6b00000)
  from space 2048K, 93% used [0x00000000d6d00000,0x00000000d6ee0010,0x00000000d6f00000)
  to   space 2048K, 0% used [0x00000000d6b00000,0x00000000d6b00000,0x00000000d6d00000)
 ParOldGen       total 68608K, used 32463K [0x0000000080000000, 0x0000000084300000, 0x00000000d5580000)
  object space 68608K, 47% used [0x0000000080000000,0x0000000081fb3d60,0x0000000084300000)
 Metaspace       used 45069K, committed 46272K, reserved 1114112K
  class space    used 4871K, committed 5376K, reserved 1048576K
}
Event: 33.439 GC heap before
{Heap before GC invocations=25 (full 2):
 PSYoungGen      total 24064K, used 23936K [0x00000000d5580000, 0x00000000d6f00000, 0x0000000100000000)
  eden space 22016K, 100% used [0x00000000d5580000,0x00000000d6b00000,0x00000000d6b00000)
  from space 2048K, 93% used [0x00000000d6d00000,0x00000000d6ee0010,0x00000000d6f00000)
  to   space 2048K, 0% used [0x00000000d6b00000,0x00000000d6b00000,0x00000000d6d00000)
 ParOldGen       total 68608K, used 32463K [0x0000000080000000, 0x0000000084300000, 0x00000000d5580000)
  object space 68608K, 47% used [0x0000000080000000,0x0000000081fb3d60,0x0000000084300000)
 Metaspace       used 45563K, committed 46784K, reserved 1114112K
  class space    used 4934K, committed 5440K, reserved 1048576K
}
Event: 33.453 GC heap after
{Heap after GC invocations=25 (full 2):
 PSYoungGen      total 24064K, used 1696K [0x00000000d5580000, 0x00000000d6f00000, 0x0000000100000000)
  eden space 22016K, 0% used [0x00000000d5580000,0x00000000d5580000,0x00000000d6b00000)
  from space 2048K, 82% used [0x00000000d6b00000,0x00000000d6ca8000,0x00000000d6d00000)
  to   space 2048K, 0% used [0x00000000d6d00000,0x00000000d6d00000,0x00000000d6f00000)
 ParOldGen       total 68608K, used 34303K [0x0000000080000000, 0x0000000084300000, 0x00000000d5580000)
  object space 68608K, 49% used [0x0000000080000000,0x000000008217fd70,0x0000000084300000)
 Metaspace       used 45563K, committed 46784K, reserved 1114112K
  class space    used 4934K, committed 5440K, reserved 1048576K
}
Event: 33.933 GC heap before
{Heap before GC invocations=26 (full 2):
 PSYoungGen      total 24064K, used 23712K [0x00000000d5580000, 0x00000000d6f00000, 0x0000000100000000)
  eden space 22016K, 100% used [0x00000000d5580000,0x00000000d6b00000,0x00000000d6b00000)
  from space 2048K, 82% used [0x00000000d6b00000,0x00000000d6ca8000,0x00000000d6d00000)
  to   space 2048K, 0% used [0x00000000d6d00000,0x00000000d6d00000,0x00000000d6f00000)
 ParOldGen       total 68608K, used 34303K [0x0000000080000000, 0x0000000084300000, 0x00000000d5580000)
  object space 68608K, 49% used [0x0000000080000000,0x000000008217fd70,0x0000000084300000)
 Metaspace       used 46620K, committed 47872K, reserved 1114112K
  class space    used 5052K, committed 5632K, reserved 1048576K
}
Event: 33.940 GC heap after
{Heap after GC invocations=26 (full 2):
 PSYoungGen      total 24064K, used 1728K [0x00000000d5580000, 0x00000000d6f00000, 0x0000000100000000)
  eden space 22016K, 0% used [0x00000000d5580000,0x00000000d5580000,0x00000000d6b00000)
  from space 2048K, 84% used [0x00000000d6d00000,0x00000000d6eb0000,0x00000000d6f00000)
  to   space 2048K, 0% used [0x00000000d6b00000,0x00000000d6b00000,0x00000000d6d00000)
 ParOldGen       total 68608K, used 35927K [0x0000000080000000, 0x0000000084300000, 0x00000000d5580000)
  object space 68608K, 52% used [0x0000000080000000,0x0000000082315f70,0x0000000084300000)
 Metaspace       used 46620K, committed 47872K, reserved 1114112K
  class space    used 5052K, committed 5632K, reserved 1048576K
}
Event: 34.474 GC heap before
{Heap before GC invocations=27 (full 2):
 PSYoungGen      total 24064K, used 23731K [0x00000000d5580000, 0x00000000d6f00000, 0x0000000100000000)
  eden space 22016K, 99% used [0x00000000d5580000,0x00000000d6afcd58,0x00000000d6b00000)
  from space 2048K, 84% used [0x00000000d6d00000,0x00000000d6eb0000,0x00000000d6f00000)
  to   space 2048K, 0% used [0x00000000d6b00000,0x00000000d6b00000,0x00000000d6d00000)
 ParOldGen       total 68608K, used 35927K [0x0000000080000000, 0x0000000084300000, 0x00000000d5580000)
  object space 68608K, 52% used [0x0000000080000000,0x0000000082315f70,0x0000000084300000)
 Metaspace       used 49121K, committed 50368K, reserved 1114112K
  class space    used 5315K, committed 5888K, reserved 1048576K
}
Event: 34.482 GC heap after
{Heap after GC invocations=27 (full 2):
 PSYoungGen      total 23552K, used 1304K [0x00000000d5580000, 0x00000000d6e00000, 0x0000000100000000)
  eden space 22016K, 0% used [0x00000000d5580000,0x00000000d5580000,0x00000000d6b00000)
  from space 1536K, 84% used [0x00000000d6b00000,0x00000000d6c463e8,0x00000000d6c80000)
  to   space 1536K, 0% used [0x00000000d6c80000,0x00000000d6c80000,0x00000000d6e00000)
 ParOldGen       total 68608K, used 37559K [0x0000000080000000, 0x0000000084300000, 0x00000000d5580000)
  object space 68608K, 54% used [0x0000000080000000,0x00000000824adc70,0x0000000084300000)
 Metaspace       used 49121K, committed 50368K, reserved 1114112K
  class space    used 5315K, committed 5888K, reserved 1048576K
}
Event: 35.148 GC heap before
{Heap before GC invocations=28 (full 2):
 PSYoungGen      total 23552K, used 23283K [0x00000000d5580000, 0x00000000d6e00000, 0x0000000100000000)
  eden space 22016K, 99% used [0x00000000d5580000,0x00000000d6af6940,0x00000000d6b00000)
  from space 1536K, 84% used [0x00000000d6b00000,0x00000000d6c463e8,0x00000000d6c80000)
  to   space 1536K, 0% used [0x00000000d6c80000,0x00000000d6c80000,0x00000000d6e00000)
 ParOldGen       total 68608K, used 37559K [0x0000000080000000, 0x0000000084300000, 0x00000000d5580000)
  object space 68608K, 54% used [0x0000000080000000,0x00000000824adc70,0x0000000084300000)
 Metaspace       used 51642K, committed 52864K, reserved 1114112K
  class space    used 5654K, committed 6208K, reserved 1048576K
}
Event: 35.153 GC heap after
{Heap after GC invocations=28 (full 2):
 PSYoungGen      total 21504K, used 1531K [0x00000000d5580000, 0x00000000d7200000, 0x0000000100000000)
  eden space 19968K, 0% used [0x00000000d5580000,0x00000000d5580000,0x00000000d6900000)
  from space 1536K, 99% used [0x00000000d6c80000,0x00000000d6dfecb0,0x00000000d6e00000)
  to   space 3584K, 0% used [0x00000000d6900000,0x00000000d6900000,0x00000000d6c80000)
 ParOldGen       total 68608K, used 38864K [0x0000000080000000, 0x0000000084300000, 0x00000000d5580000)
  object space 68608K, 56% used [0x0000000080000000,0x00000000825f4160,0x0000000084300000)
 Metaspace       used 51642K, committed 52864K, reserved 1114112K
  class space    used 5654K, committed 6208K, reserved 1048576K
}
Event: 36.539 GC heap before
{Heap before GC invocations=29 (full 2):
 PSYoungGen      total 21504K, used 21499K [0x00000000d5580000, 0x00000000d7200000, 0x0000000100000000)
  eden space 19968K, 100% used [0x00000000d5580000,0x00000000d6900000,0x00000000d6900000)
  from space 1536K, 99% used [0x00000000d6c80000,0x00000000d6dfecb0,0x00000000d6e00000)
  to   space 3584K, 0% used [0x00000000d6900000,0x00000000d6900000,0x00000000d6c80000)
 ParOldGen       total 68608K, used 38864K [0x0000000080000000, 0x0000000084300000, 0x00000000d5580000)
  object space 68608K, 56% used [0x0000000080000000,0x00000000825f4160,0x0000000084300000)
 Metaspace       used 53651K, committed 54912K, reserved 1114112K
  class space    used 5855K, committed 6464K, reserved 1048576K
}
Event: 36.546 GC heap after
{Heap after GC invocations=29 (full 2):
 PSYoungGen      total 23552K, used 3559K [0x00000000d5580000, 0x00000000d7400000, 0x0000000100000000)
  eden space 19968K, 0% used [0x00000000d5580000,0x00000000d5580000,0x00000000d6900000)
  from space 3584K, 99% used [0x00000000d6900000,0x00000000d6c79fa0,0x00000000d6c80000)
  to   space 5632K, 0% used [0x00000000d6e80000,0x00000000d6e80000,0x00000000d7400000)
 ParOldGen       total 68608K, used 40104K [0x0000000080000000, 0x0000000084300000, 0x00000000d5580000)
  object space 68608K, 58% used [0x0000000080000000,0x000000008272a3d0,0x0000000084300000)
 Metaspace       used 53651K, committed 54912K, reserved 1114112K
  class space    used 5855K, committed 6464K, reserved 1048576K
}
Event: 36.981 GC heap before
{Heap before GC invocations=30 (full 2):
 PSYoungGen      total 23552K, used 23467K [0x00000000d5580000, 0x00000000d7400000, 0x0000000100000000)
  eden space 19968K, 99% used [0x00000000d5580000,0x00000000d68f0de0,0x00000000d6900000)
  from space 3584K, 99% used [0x00000000d6900000,0x00000000d6c79fa0,0x00000000d6c80000)
  to   space 5632K, 0% used [0x00000000d6e80000,0x00000000d6e80000,0x00000000d7400000)
 ParOldGen       total 68608K, used 40104K [0x0000000080000000, 0x0000000084300000, 0x00000000d5580000)
  object space 68608K, 58% used [0x0000000080000000,0x000000008272a3d0,0x0000000084300000)
 Metaspace       used 55001K, committed 56320K, reserved 1114112K
  class space    used 6043K, committed 6656K, reserved 1048576K
}
Event: 36.986 GC heap after
{Heap after GC invocations=30 (full 2):
 PSYoungGen      total 22016K, used 1744K [0x00000000d5580000, 0x00000000d7080000, 0x0000000100000000)
  eden space 19968K, 0% used [0x00000000d5580000,0x00000000d5580000,0x00000000d6900000)
  from space 2048K, 85% used [0x00000000d6e80000,0x00000000d7034030,0x00000000d7080000)
  to   space 3072K, 0% used [0x00000000d6a80000,0x00000000d6a80000,0x00000000d6d80000)
 ParOldGen       total 68608K, used 41233K [0x0000000080000000, 0x0000000084300000, 0x00000000d5580000)
  object space 68608K, 60% used [0x0000000080000000,0x00000000828445c8,0x0000000084300000)
 Metaspace       used 55001K, committed 56320K, reserved 1114112K
  class space    used 6043K, committed 6656K, reserved 1048576K
}
Event: 37.524 GC heap before
{Heap before GC invocations=31 (full 2):
 PSYoungGen      total 22016K, used 21712K [0x00000000d5580000, 0x00000000d7080000, 0x0000000100000000)
  eden space 19968K, 100% used [0x00000000d5580000,0x00000000d6900000,0x00000000d6900000)
  from space 2048K, 85% used [0x00000000d6e80000,0x00000000d7034030,0x00000000d7080000)
  to   space 3072K, 0% used [0x00000000d6a80000,0x00000000d6a80000,0x00000000d6d80000)
 ParOldGen       total 68608K, used 41233K [0x0000000080000000, 0x0000000084300000, 0x00000000d5580000)
  object space 68608K, 60% used [0x0000000080000000,0x00000000828445c8,0x0000000084300000)
 Metaspace       used 55991K, committed 57280K, reserved 1114112K
  class space    used 6152K, committed 6720K, reserved 1048576K
}
Event: 37.530 GC heap after
{Heap after GC invocations=31 (full 2):
 PSYoungGen      total 23040K, used 320K [0x00000000d5580000, 0x00000000d6f00000, 0x0000000100000000)
  eden space 19968K, 0% used [0x00000000d5580000,0x00000000d5580000,0x00000000d6900000)
  from space 3072K, 10% used [0x00000000d6a80000,0x00000000d6ad0000,0x00000000d6d80000)
  to   space 1536K, 0% used [0x00000000d6d80000,0x00000000d6d80000,0x00000000d6f00000)
 ParOldGen       total 68608K, used 42882K [0x0000000080000000, 0x0000000084300000, 0x00000000d5580000)
  object space 68608K, 62% used [0x0000000080000000,0x00000000829e0840,0x0000000084300000)
 Metaspace       used 55991K, committed 57280K, reserved 1114112K
  class space    used 6152K, committed 6720K, reserved 1048576K
}
Event: 38.479 GC heap before
{Heap before GC invocations=32 (full 2):
 PSYoungGen      total 23040K, used 20189K [0x00000000d5580000, 0x00000000d6f00000, 0x0000000100000000)
  eden space 19968K, 99% used [0x00000000d5580000,0x00000000d68e7608,0x00000000d6900000)
  from space 3072K, 10% used [0x00000000d6a80000,0x00000000d6ad0000,0x00000000d6d80000)
  to   space 1536K, 0% used [0x00000000d6d80000,0x00000000d6d80000,0x00000000d6f00000)
 ParOldGen       total 68608K, used 42882K [0x0000000080000000, 0x0000000084300000, 0x00000000d5580000)
  object space 68608K, 62% used [0x0000000080000000,0x00000000829e0840,0x0000000084300000)
 Metaspace       used 57772K, committed 58944K, reserved 1114112K
  class space    used 6290K, committed 6848K, reserved 1048576K
}
Event: 38.486 GC heap after
{Heap after GC invocations=32 (full 2):
 PSYoungGen      total 21504K, used 1531K [0x00000000d5580000, 0x00000000d6f00000, 0x0000000100000000)
  eden space 19968K, 0% used [0x00000000d5580000,0x00000000d5580000,0x00000000d6900000)
  from space 1536K, 99% used [0x00000000d6d80000,0x00000000d6efef98,0x00000000d6f00000)
  to   space 3072K, 0% used [0x00000000d6900000,0x00000000d6900000,0x00000000d6c00000)
 ParOldGen       total 68608K, used 43851K [0x0000000080000000, 0x0000000084300000, 0x00000000d5580000)
  object space 68608K, 63% used [0x0000000080000000,0x0000000082ad2f50,0x0000000084300000)
 Metaspace       used 57772K, committed 58944K, reserved 1114112K
  class space    used 6290K, committed 6848K, reserved 1048576K
}
Event: 38.573 GC heap before
{Heap before GC invocations=33 (full 2):
 PSYoungGen      total 21504K, used 21425K [0x00000000d5580000, 0x00000000d6f00000, 0x0000000100000000)
  eden space 19968K, 99% used [0x00000000d5580000,0x00000000d68ed7b0,0x00000000d6900000)
  from space 1536K, 99% used [0x00000000d6d80000,0x00000000d6efef98,0x00000000d6f00000)
  to   space 3072K, 0% used [0x00000000d6900000,0x00000000d6900000,0x00000000d6c00000)
 ParOldGen       total 68608K, used 43851K [0x0000000080000000, 0x0000000084300000, 0x00000000d5580000)
  object space 68608K, 63% used [0x0000000080000000,0x0000000082ad2f50,0x0000000084300000)
 Metaspace       used 57791K, committed 59008K, reserved 1114112K
  class space    used 6290K, committed 6848K, reserved 1048576K
}
Event: 38.576 GC heap after
{Heap after GC invocations=33 (full 2):
 PSYoungGen      total 23040K, used 937K [0x00000000d5580000, 0x00000000d6e00000, 0x0000000100000000)
  eden space 19968K, 0% used [0x00000000d5580000,0x00000000d5580000,0x00000000d6900000)
  from space 3072K, 30% used [0x00000000d6900000,0x00000000d69ea7b0,0x00000000d6c00000)
  to   space 1536K, 0% used [0x00000000d6c80000,0x00000000d6c80000,0x00000000d6e00000)
 ParOldGen       total 68608K, used 45129K [0x0000000080000000, 0x0000000084300000, 0x00000000d5580000)
  object space 68608K, 65% used [0x0000000080000000,0x0000000082c12640,0x0000000084300000)
 Metaspace       used 57791K, committed 59008K, reserved 1114112K
  class space    used 6290K, committed 6848K, reserved 1048576K
}

